<?xml version="1.0" encoding="UTF-8"?>
<coverage generated="1777288096839" clover="3.2.0">
  <project timestamp="1777288096839" name="All files">
    <metrics statements="12" coveredstatements="9" conditionals="8" coveredconditionals="5" methods="8" coveredmethods="4" elements="28" coveredelements="18" complexity="0" loc="12" ncloc="12" packages="1" files="1" classes="1"/>
    <file name="OnboardingScreen.tsx" path="D:\252_MOBILE APPS\frontend\mobile\OnboardingScreen.tsx">
      <metrics statements="12" coveredstatements="9" conditionals="8" coveredconditionals="5" methods="8" coveredmethods="4"/>
      <line num="4" count="1" type="stmt"/>
      <line num="24" count="5" type="stmt"/>
      <line num="26" count="5" type="stmt"/>
      <line num="27" count="0" type="stmt"/>
      <line num="30" count="5" type="stmt"/>
      <line num="31" count="5" type="stmt"/>
      <line num="32" count="0" type="stmt"/>
      <line num="34" count="5" type="stmt"/>
      <line num="37" count="5" type="stmt"/>
      <line num="39" count="5" type="stmt"/>
      <line num="83" count="10" type="stmt"/>
      <line num="85" count="0" type="stmt"/>
    </file>
  </project>
</coverage>
