TN:
SF:HomeScreen.tsx
FN:11,(anonymous_0)
FN:18,(anonymous_1)
FN:60,(anonymous_2)
FN:72,(anonymous_3)
FN:323,(anonymous_4)
FN:330,(anonymous_5)
FN:368,(anonymous_6)
FN:370,(anonymous_7)
FN:406,(anonymous_8)
FN:408,(anonymous_9)
FN:450,(anonymous_10)
FN:452,(anonymous_11)
FN:496,(anonymous_12)
FN:1038,(anonymous_13)
FN:1121,(anonymous_14)
FN:1173,(anonymous_15)
FN:1215,(anonymous_16)
FN:1307,(anonymous_17)
FN:1385,(anonymous_18)
FN:1518,(anonymous_19)
FNF:20
FNH:9
FNDA:4,(anonymous_0)
FNDA:0,(anonymous_1)
FNDA:0,(anonymous_2)
FNDA:0,(anonymous_3)
FNDA:0,(anonymous_4)
FNDA:0,(anonymous_5)
FNDA:0,(anonymous_6)
FNDA:0,(anonymous_7)
FNDA:0,(anonymous_8)
FNDA:0,(anonymous_9)
FNDA:0,(anonymous_10)
FNDA:0,(anonymous_11)
FNDA:4,(anonymous_12)
FNDA:4,(anonymous_13)
FNDA:4,(anonymous_14)
FNDA:4,(anonymous_15)
FNDA:4,(anonymous_16)
FNDA:4,(anonymous_17)
FNDA:4,(anonymous_18)
FNDA:4,(anonymous_19)
DA:11,1
DA:12,4
DA:99,1
DA:323,1
DA:324,0
DA:326,0
DA:330,0
DA:340,1
DA:368,1
DA:369,0
DA:379,1
DA:406,1
DA:407,0
DA:415,1
DA:450,1
DA:451,0
DA:463,1
DA:496,1
DA:497,4
DA:686,1
DA:1038,1
DA:1039,4
DA:1061,1
DA:1121,1
DA:1125,4
DA:1133,1
DA:1173,1
DA:1174,4
DA:1189,1
DA:1215,1
DA:1216,4
DA:1234,1
DA:1307,1
DA:1308,4
DA:1327,1
DA:1385,1
DA:1386,4
DA:1417,1
DA:1518,1
DA:1519,4
DA:1537,1
LF:41
LH:35
BRDA:1122,0,0,0
BRDA:1123,1,0,0
BRF:2
BRH:0
end_of_record
TN:
SF:OnboardingScreen.tsx
FN:23,OnboardingScreen
FN:26,(anonymous_1)
FN:30,(anonymous_2)
FN:31,(anonymous_3)
FN:32,(anonymous_4)
FN:34,(anonymous_5)
FN:82,(anonymous_6)
FN:85,(anonymous_7)
FNF:8
FNH:4
FNDA:5,OnboardingScreen
FNDA:0,(anonymous_1)
FNDA:5,(anonymous_2)
FNDA:0,(anonymous_3)
FNDA:0,(anonymous_4)
FNDA:5,(anonymous_5)
FNDA:10,(anonymous_6)
FNDA:0,(anonymous_7)
DA:4,1
DA:24,5
DA:26,5
DA:27,0
DA:30,5
DA:31,5
DA:32,0
DA:34,5
DA:37,5
DA:39,5
DA:83,10
DA:85,0
LF:12
LH:9
BRDA:47,0,0,5
BRDA:47,0,1,0
BRDA:71,1,0,0
BRDA:71,1,1,5
BRDA:71,2,0,0
BRDA:71,2,1,5
BRDA:87,3,0,5
BRDA:87,3,1,5
BRF:8
BRH:5
end_of_record
