TN:
SF:OnboardingScreen.tsx
FN:23,OnboardingScreen
FN:26,(anonymous_1)
FN:30,(anonymous_2)
FN:31,(anonymous_3)
FN:32,(anonymous_4)
FN:34,(anonymous_5)
FN:82,(anonymous_6)
FN:85,(anonymous_7)
FNF:8
FNH:4
FNDA:5,OnboardingScreen
FNDA:0,(anonymous_1)
FNDA:5,(anonymous_2)
FNDA:0,(anonymous_3)
FNDA:0,(anonymous_4)
FNDA:5,(anonymous_5)
FNDA:10,(anonymous_6)
FNDA:0,(anonymous_7)
DA:4,1
DA:24,5
DA:26,5
DA:27,0
DA:30,5
DA:31,5
DA:32,0
DA:34,5
DA:37,5
DA:39,5
DA:83,10
DA:85,0
LF:12
LH:9
BRDA:47,0,0,5
BRDA:47,0,1,0
BRDA:71,1,0,0
BRDA:71,1,1,5
BRDA:71,2,0,0
BRDA:71,2,1,5
BRDA:87,3,0,5
BRDA:87,3,1,5
BRF:8
BRH:5
end_of_record
